<?xml version="1.0" encoding="UTF-8"?>
<testsuite xmlns:xsi="http://www.w3.org/2001/XMLSchema-instance" xsi:noNamespaceSchemaLocation="https://maven.apache.org/surefire/maven-surefire-plugin/xsd/surefire-test-report.xsd" name="com.example.tweetjdbc.resource.TweetsResourceTest" time="10.388" tests="1" errors="0" skipped="0" failures="1">
  <properties>
[...]
</properties>
  <testcase name="shouldRetrieveTweets" classname="com.example.tweetjdbc.resource.TweetsResourceTest" time="0.314">
    <failure message="Response status expected:&lt;200&gt; but was:&lt;404&gt;" type="java.lang.AssertionError"><![CDATA[java.lang.AssertionError: Response status expected:<200> but was:<404>
	at com.example.tweetjdbc.resource.TweetsResourceTest.shouldRetrieveTweets(TweetsResourceTest.java:33)
]]></failure>
    <system-out><![CDATA[2018-04-26 18:50:17.941  INFO 9824 --- [           main] .b.t.a.w.s.WebMvcTestContextBootstrapper : Neither @ContextConfiguration nor @ContextHierarchy found for test class [com.example.tweetjdbc.resource.TweetsResourceTest], using SpringBootContextLoader
2018-04-26 18:50:17.984  INFO 9824 --- [           main] o.s.t.c.support.AbstractContextLoader    : Could not detect default resource locations for test class [com.example.tweetjdbc.resource.TweetsResourceTest]: no resource found for suffixes {-context.xml, Context.groovy}.
2018-04-26 18:50:17.987  INFO 9824 --- [           main] t.c.s.AnnotationConfigContextLoaderUtils : Could not detect default configuration classes for test class [com.example.tweetjdbc.resource.TweetsResourceTest]: TweetsResourceTest does not declare any static, non-private, non-final, nested classes annotated with @Configuration.
2018-04-26 18:50:18.330  INFO 9824 --- [           main] .b.t.c.SpringBootTestContextBootstrapper : Found @SpringBootConfiguration com.example.tweetjdbc.TweetJdbcApplication for test class com.example.tweetjdbc.resource.TweetsResourceTest
2018-04-26 18:50:18.335  INFO 9824 --- [           main] .b.t.a.w.s.WebMvcTestContextBootstrapper : Loaded default TestExecutionListener class names from location [META-INF/spring.factories]: [org.springframework.boot.test.mock.mockito.MockitoTestExecutionListener, org.springframework.boot.test.mock.mockito.ResetMocksTestExecutionListener, org.springframework.boot.test.autoconfigure.restdocs.RestDocsTestExecutionListener, org.springframework.boot.test.autoconfigure.web.client.MockRestServiceServerResetTestExecutionListener, org.springframework.boot.test.autoconfigure.web.servlet.MockMvcPrintOnlyOnFailureTestExecutionListener, org.springframework.boot.test.autoconfigure.web.servlet.WebDriverTestExecutionListener, org.springframework.test.context.web.ServletTestExecutionListener, org.springframework.test.context.support.DirtiesContextBeforeModesTestExecutionListener, org.springframework.test.context.support.DependencyInjectionTestExecutionListener, org.springframework.test.context.support.DirtiesContextTestExecutionListener, org.springframework.test.context.transaction.TransactionalTestExecutionListener, org.springframework.test.context.jdbc.SqlScriptsTestExecutionListener]
2018-04-26 18:50:18.337  INFO 9824 --- [           main] .b.t.a.w.s.WebMvcTestContextBootstrapper : Using TestExecutionListeners: [org.springframework.test.context.web.ServletTestExecutionListener@63bde6c2, org.springframework.test.context.support.DirtiesContextBeforeModesTestExecutionListener@6ea04618, org.springframework.boot.test.mock.mockito.MockitoTestExecutionListener@6dd82486, org.springframework.boot.test.autoconfigure.SpringBootDependencyInjectionTestExecutionListener@56078cea, org.springframework.test.context.support.DirtiesContextTestExecutionListener@5a00eb1e, org.springframework.test.context.transaction.TransactionalTestExecutionListener@36fcf6c0, org.springframework.test.context.jdbc.SqlScriptsTestExecutionListener@1aac188d, org.springframework.boot.test.mock.mockito.ResetMocksTestExecutionListener@7026b7ee, org.springframework.boot.test.autoconfigure.restdocs.RestDocsTestExecutionListener@2d23faef, org.springframework.boot.test.autoconfigure.web.client.MockRestServiceServerResetTestExecutionListener@7cb8437d, org.springframework.boot.test.autoconfigure.web.servlet.MockMvcPrintOnlyOnFailureTestExecutionListener@62a4417, org.springframework.boot.test.autoconfigure.web.servlet.WebDriverTestExecutionListener@43f61afb]

  .   ____          _            __ _ _
 /\\ / ___'_ __ _ _(_)_ __  __ _ \ \ \ \
( ( )\___ | '_ | '_| | '_ \/ _` | \ \ \ \
 \\/  ___)| |_)| | | | | || (_| |  ) ) ) )
  '  |____| .__|_| |_|_| |_\__, | / / / /
 =========|_|==============|___/=/_/_/_/
 :: Spring Boot ::        (v2.0.0.RELEASE)

2018-04-26 18:50:18.508  INFO 9824 --- [           main] c.e.t.resource.TweetsResourceTest        : Starting TweetsResourceTest on Geo-PC with PID 9824 (started by Geo in C:\Users\Geo\Desktop\Java\dev_school_java\dev_school_java\session4\tweet-jdbc)
2018-04-26 18:50:18.526  INFO 9824 --- [           main] c.e.t.resource.TweetsResourceTest        : No active profile set, falling back to default profiles: default
2018-04-26 18:50:18.544  INFO 9824 --- [           main] o.s.w.c.s.GenericWebApplicationContext   : Refreshing org.springframework.web.context.support.GenericWebApplicationContext@36ddaebf: startup date [Thu Apr 26 18:50:18 EEST 2018]; root of context hierarchy
2018-04-26 18:50:25.918  INFO 9824 --- [           main] s.w.s.m.m.a.RequestMappingHandlerAdapter : Looking for @ControllerAdvice: org.springframework.web.context.support.GenericWebApplicationContext@36ddaebf: startup date [Thu Apr 26 18:50:18 EEST 2018]; root of context hierarchy
2018-04-26 18:50:26.352  INFO 9824 --- [           main] s.w.s.m.m.a.RequestMappingHandlerMapping : Mapped "{[/error]}" onto public org.springframework.http.ResponseEntity<java.util.Map<java.lang.String, java.lang.Object>> org.springframework.boot.autoconfigure.web.servlet.error.BasicErrorController.error(javax.servlet.http.HttpServletRequest)
2018-04-26 18:50:26.358  INFO 9824 --- [           main] s.w.s.m.m.a.RequestMappingHandlerMapping : Mapped "{[/error],produces=[text/html]}" onto public org.springframework.web.servlet.ModelAndView org.springframework.boot.autoconfigure.web.servlet.error.BasicErrorController.errorHtml(javax.servlet.http.HttpServletRequest,javax.servlet.http.HttpServletResponse)
2018-04-26 18:50:26.699  INFO 9824 --- [           main] o.s.w.s.handler.SimpleUrlHandlerMapping  : Mapped URL path [/webjars/**] onto handler of type [class org.springframework.web.servlet.resource.ResourceHttpRequestHandler]
2018-04-26 18:50:26.703  INFO 9824 --- [           main] o.s.w.s.handler.SimpleUrlHandlerMapping  : Mapped URL path [/**] onto handler of type [class org.springframework.web.servlet.resource.ResourceHttpRequestHandler]
2018-04-26 18:50:27.007  INFO 9824 --- [           main] o.s.w.s.handler.SimpleUrlHandlerMapping  : Mapped URL path [/**/favicon.ico] onto handler of type [class org.springframework.web.servlet.resource.ResourceHttpRequestHandler]
2018-04-26 18:50:27.765  INFO 9824 --- [           main] o.s.b.t.m.w.SpringBootMockServletContext : Initializing Spring FrameworkServlet ''
2018-04-26 18:50:27.765  INFO 9824 --- [           main] o.s.t.web.servlet.TestDispatcherServlet  : FrameworkServlet '': initialization started
2018-04-26 18:50:27.859  INFO 9824 --- [           main] o.s.t.web.servlet.TestDispatcherServlet  : FrameworkServlet '': initialization completed in 89 ms
2018-04-26 18:50:28.263  INFO 9824 --- [           main] c.e.t.resource.TweetsResourceTest        : Started TweetsResourceTest in 9.911 seconds (JVM running for 24.389)

MockHttpServletRequest:
      HTTP Method = GET
      Request URI = /tweets
       Parameters = {}
          Headers = {Content-Type=[application/json]}
             Body = <no character encoding set>
    Session Attrs = {}

Handler:
             Type = org.springframework.web.servlet.resource.ResourceHttpRequestHandler

Async:
    Async started = false
     Async result = null

Resolved Exception:
             Type = null

ModelAndView:
        View name = null
             View = null
            Model = null

FlashMap:
       Attributes = null

MockHttpServletResponse:
           Status = 404
    Error message = null
          Headers = {}
     Content type = null
             Body = 
    Forwarded URL = null
   Redirected URL = null
          Cookies = []

MockHttpServletRequest:
      HTTP Method = GET
      Request URI = /tweets
       Parameters = {}
          Headers = {Content-Type=[application/json]}
             Body = <no character encoding set>
    Session Attrs = {}

Handler:
             Type = org.springframework.web.servlet.resource.ResourceHttpRequestHandler

Async:
    Async started = false
     Async result = null

Resolved Exception:
             Type = null

ModelAndView:
        View name = null
             View = null
            Model = null

FlashMap:
       Attributes = null

MockHttpServletResponse:
           Status = 404
    Error message = null
          Headers = {}
     Content type = null
             Body = 
    Forwarded URL = null
   Redirected URL = null
          Cookies = []
]]></system-out>
  </testcase>
</testsuite>